<?xml version="1.0" encoding="UTF-8"?>
<testng-results total="1" passed="1" failed="0" skipped="0">
  <reporter-output>
  </reporter-output>
  <suite started-at="2022-07-16T20:32:26Z" name="Suite" finished-at="2022-07-16T20:32:26Z" duration-ms="64">
    <groups>
    </groups>
    <test started-at="2022-07-16T20:32:26Z" name="Test" finished-at="2022-07-16T20:32:26Z" duration-ms="64">
      <class name="jenkins1.cc">
        <test-method signature="abc()[pri:0, instance:jenkins1.cc@560348e6]" started-at="2022-07-17T02:02:26Z" name="abc" finished-at="2022-07-17T02:02:26Z" duration-ms="32" status="PASS">
          <reporter-output>
          </reporter-output>
        </test-method> <!-- abc -->
      </class> <!-- jenkins1.cc -->
    </test> <!-- Test -->
  </suite> <!-- Suite -->
</testng-results>
