<?xml version="1.0" encoding="UTF-8"?>
<testng-results total="1" passed="1" failed="0" skipped="0">
  <reporter-output>
  </reporter-output>
  <suite started-at="2022-07-17T06:33:45Z" name="Suite" finished-at="2022-07-17T06:33:45Z" duration-ms="49">
    <groups>
    </groups>
    <test started-at="2022-07-17T06:33:45Z" name="Test" finished-at="2022-07-17T06:33:45Z" duration-ms="49">
      <class name="jenkins1.cc">
        <test-method signature="abc()[pri:0, instance:jenkins1.cc@53fe15ff]" started-at="2022-07-17T12:03:45Z" name="abc" finished-at="2022-07-17T12:03:45Z" duration-ms="33" status="PASS">
          <reporter-output>
          </reporter-output>
        </test-method> <!-- abc -->
      </class> <!-- jenkins1.cc -->
    </test> <!-- Test -->
  </suite> <!-- Suite -->
</testng-results>
